3588624649
2781895054
2792348686
3110913021
3088951320
3041122351
3008795514
3034636011
3005903549
2971246021
3026723485
3001592312
2952802178
2913633066
2409333430
2846036306
2757712197
2734705913
2544353492
2710167561
2850935956
2875848298
3073430075
2805630347
2799152995
3052360250
2843855721
2837923608
2852704777
2962175696
2873290424
2950902979
2932549988
2886833398
2886832936
2886832257
2870394916
2642541073
3171167894
2840805724
3402491515
3402493701
3570973322
2956146279
3625933422
2879960936
3379334330
3539691958
3504401781
3409143790
3490370700
3577903007
2684285534
3413706334
3470426196
3402812859
3554424111
3418252689
3623247107
3320947974
3196180339
2788256295
3503234753
3253385114
3292659291
3388178510
612100872
3470485566
3403314193
3409472393
3409946507
3330403100
2811383142
3315443103
2566953935
3248388837
3152529790
3258343790
3478633453
2991201484
3253385114
3435796523
3346905070
3409287192
3428008364
